[2020-11-26T14:45:13.909] [DEBUG] cheese - login => username:123456,password:123456
[2020-11-26T14:45:13.911] [DEBUG] cheese - 123456
[2020-11-26T14:45:13.917] [DEBUG] cheese - null
[2020-11-26T14:45:13.917] [DEBUG] cheese - null
[2020-11-26T14:45:27.695] [DEBUG] cheese - login => username:admin,password:123456
[2020-11-26T14:45:27.695] [DEBUG] cheese - admin
[2020-11-26T14:45:27.698] [DEBUG] cheese - null
[2020-11-26T14:45:27.698] [DEBUG] cheese - null
[2020-11-26T14:46:07.813] [DEBUG] cheese - login => username:admin,password:123456
[2020-11-26T14:46:07.813] [DEBUG] cheese - admin
[2020-11-26T14:46:07.815] [DEBUG] cheese - null
[2020-11-26T14:46:07.815] [DEBUG] cheese - null
[2020-11-26T14:46:46.123] [DEBUG] cheese - login => username:admin,password:123456
[2020-11-26T14:46:46.124] [DEBUG] cheese - admin
[2020-11-26T14:46:46.125] [DEBUG] cheese - null
[2020-11-26T14:46:46.126] [DEBUG] cheese - null
[2020-11-26T14:46:50.310] [DEBUG] cheese - login => username:admin,password:1234567
[2020-11-26T14:46:50.310] [DEBUG] cheese - admin
[2020-11-26T14:46:50.312] [DEBUG] cheese - null
[2020-11-26T14:46:50.313] [DEBUG] cheese - null
[2020-11-26T16:44:40.482] [DEBUG] cheese - login => username:admin,password:123456
[2020-11-26T16:44:40.482] [DEBUG] cheese - admin
[2020-11-26T16:44:40.485] [DEBUG] cheese - null
[2020-11-26T16:44:40.485] [DEBUG] cheese - null
[2020-11-26T16:44:52.436] [DEBUG] cheese - login => username:admin,password:123456
[2020-11-26T16:44:52.436] [DEBUG] cheese - admin
[2020-11-26T16:44:52.438] [DEBUG] cheese - null
[2020-11-26T16:44:52.438] [DEBUG] cheese - null
[2020-11-26T16:45:37.989] [DEBUG] cheese - login => username:admin,password:123456
[2020-11-26T16:45:37.990] [DEBUG] cheese - admin
[2020-11-26T16:45:37.991] [DEBUG] cheese - null
[2020-11-26T16:45:37.991] [DEBUG] cheese - null
[2020-11-26T16:46:46.314] [DEBUG] cheese - login => username:admin,password:123456
[2020-11-26T16:46:46.314] [DEBUG] cheese - admin
[2020-11-26T16:46:46.316] [DEBUG] cheese - null
[2020-11-26T16:46:46.316] [DEBUG] cheese - null
[2020-11-26T16:46:54.245] [DEBUG] cheese - login => username:admin,password:123456
[2020-11-26T16:46:54.245] [DEBUG] cheese - admin
[2020-11-26T16:46:54.246] [DEBUG] cheese - null
[2020-11-26T16:46:54.246] [DEBUG] cheese - null
[2020-11-26T16:47:19.131] [DEBUG] cheese - login => username:admin,password:123456
[2020-11-26T16:47:19.131] [DEBUG] cheese - admin
[2020-11-26T16:47:19.133] [DEBUG] cheese - null
[2020-11-26T16:47:19.133] [DEBUG] cheese - null
[2020-11-26T16:49:32.488] [DEBUG] cheese - login => username:adminadminadminadminadmin,password:123456
[2020-11-26T16:49:32.488] [DEBUG] cheese - adminadminadminadminadmin
[2020-11-26T16:49:32.490] [DEBUG] cheese - null
[2020-11-26T16:49:32.491] [DEBUG] cheese - null
[2020-11-26T16:49:40.584] [DEBUG] cheese - login => username:admin,password:123456
[2020-11-26T16:49:40.584] [DEBUG] cheese - admin
[2020-11-26T16:49:40.586] [DEBUG] cheese - null
[2020-11-26T16:49:40.587] [DEBUG] cheese - null
[2020-11-26T16:50:20.895] [DEBUG] cheese - login => username:admin,password:123456f
[2020-11-26T16:50:20.895] [DEBUG] cheese - admin
[2020-11-26T16:50:20.897] [DEBUG] cheese - null
[2020-11-26T16:50:20.897] [DEBUG] cheese - null
[2020-11-26T16:50:50.629] [DEBUG] cheese - login => username:admin,password:123456a
[2020-11-26T16:50:50.629] [DEBUG] cheese - admin
[2020-11-26T16:50:50.630] [DEBUG] cheese - null
[2020-11-26T16:50:50.630] [DEBUG] cheese - null
[2020-11-26T16:50:54.442] [DEBUG] cheese - login => username:admina,password:123456a
[2020-11-26T16:50:54.442] [DEBUG] cheese - admina
[2020-11-26T16:50:54.443] [DEBUG] cheese - null
[2020-11-26T16:50:54.444] [DEBUG] cheese - null
[2020-11-26T16:50:57.745] [DEBUG] cheese - login => username:admina,password:123456a
[2020-11-26T16:50:57.746] [DEBUG] cheese - admina
[2020-11-26T16:50:57.747] [DEBUG] cheese - null
[2020-11-26T16:50:57.747] [DEBUG] cheese - null
[2020-11-26T16:50:57.915] [DEBUG] cheese - login => username:admina,password:123456a
[2020-11-26T16:50:57.915] [DEBUG] cheese - admina
[2020-11-26T16:50:57.917] [DEBUG] cheese - null
[2020-11-26T16:50:57.917] [DEBUG] cheese - null
[2020-11-26T16:50:58.081] [DEBUG] cheese - login => username:admina,password:123456a
[2020-11-26T16:50:58.081] [DEBUG] cheese - admina
[2020-11-26T16:50:58.082] [DEBUG] cheese - null
[2020-11-26T16:50:58.082] [DEBUG] cheese - null
[2020-11-26T16:50:58.249] [DEBUG] cheese - login => username:admina,password:123456a
[2020-11-26T16:50:58.249] [DEBUG] cheese - admina
[2020-11-26T16:50:58.251] [DEBUG] cheese - null
[2020-11-26T16:50:58.251] [DEBUG] cheese - null
[2020-11-26T16:50:58.424] [DEBUG] cheese - login => username:admina,password:123456a
[2020-11-26T16:50:58.424] [DEBUG] cheese - admina
[2020-11-26T16:50:58.426] [DEBUG] cheese - null
[2020-11-26T16:50:58.426] [DEBUG] cheese - null
[2020-11-26T16:50:58.584] [DEBUG] cheese - login => username:admina,password:123456a
[2020-11-26T16:50:58.584] [DEBUG] cheese - admina
[2020-11-26T16:50:58.585] [DEBUG] cheese - null
[2020-11-26T16:50:58.586] [DEBUG] cheese - null
[2020-11-26T16:54:30.344] [DEBUG] cheese - login => username:admin,password:123456
[2020-11-26T16:54:30.344] [DEBUG] cheese - admin
[2020-11-26T16:54:30.348] [DEBUG] cheese - null
[2020-11-26T16:54:30.349] [DEBUG] cheese - null
[2020-11-26T17:04:25.734] [DEBUG] cheese - login => username:admin,password:123456
[2020-11-26T17:04:25.734] [DEBUG] cheese - admin
[2020-11-26T17:04:25.737] [DEBUG] cheese - null
[2020-11-26T17:04:25.737] [DEBUG] cheese - null
[2020-11-26T17:05:51.938] [DEBUG] cheese - login => username:admin,password:123456
[2020-11-26T17:05:51.938] [DEBUG] cheese - admin
[2020-11-26T17:05:51.939] [DEBUG] cheese - null
[2020-11-26T17:05:51.940] [DEBUG] cheese - null
[2020-11-26T17:06:55.177] [DEBUG] cheese - login => username:admin,password:123456
[2020-11-26T17:06:55.178] [DEBUG] cheese - admin
[2020-11-26T17:06:55.179] [DEBUG] cheese - null
[2020-11-26T17:06:55.179] [DEBUG] cheese - null
[2020-11-26T17:14:04.822] [DEBUG] cheese - login => username:admin,password:123456
[2020-11-26T17:14:04.823] [DEBUG] cheese - admin
[2020-11-26T17:14:04.826] [DEBUG] cheese - null
[2020-11-26T17:14:04.826] [DEBUG] cheese - null
[2020-11-26T17:28:18.578] [DEBUG] cheese - login => username:admin,password:123456
[2020-11-26T17:28:18.578] [DEBUG] cheese - admin
[2020-11-26T17:28:18.582] [DEBUG] cheese - null
[2020-11-26T17:28:18.582] [DEBUG] cheese - null
[2020-11-26T17:29:03.395] [DEBUG] cheese - login => username:admin,password:123456
[2020-11-26T17:29:03.395] [DEBUG] cheese - admin
[2020-11-26T17:29:03.396] [DEBUG] cheese - null
[2020-11-26T17:29:03.396] [DEBUG] cheese - null
[2020-11-26T17:29:06.452] [DEBUG] cheese - login => username:admin,password:123456
[2020-11-26T17:29:06.452] [DEBUG] cheese - admin
[2020-11-26T17:29:06.453] [DEBUG] cheese - null
[2020-11-26T17:29:06.454] [DEBUG] cheese - null
[2020-11-26T17:29:08.984] [DEBUG] cheese - login => username:admin,password:123456
[2020-11-26T17:29:08.984] [DEBUG] cheese - admin
[2020-11-26T17:29:08.985] [DEBUG] cheese - null
[2020-11-26T17:29:08.985] [DEBUG] cheese - null
[2020-11-26T17:50:47.826] [DEBUG] cheese - login => username:admin,password:123456
[2020-11-26T17:50:47.826] [DEBUG] cheese - admin
[2020-11-26T17:50:47.830] [DEBUG] cheese - null
[2020-11-26T17:50:47.830] [DEBUG] cheese - null
[2020-11-26T17:50:51.410] [DEBUG] cheese - login => username:admin,password:123456
[2020-11-26T17:50:51.411] [DEBUG] cheese - admin
[2020-11-26T17:50:51.412] [DEBUG] cheese - null
[2020-11-26T17:50:51.412] [DEBUG] cheese - null
[2020-11-26T18:16:20.825] [DEBUG] cheese - login => username:admin,password:123456
[2020-11-26T18:16:20.825] [DEBUG] cheese - admin
[2020-11-26T18:16:20.828] [DEBUG] cheese - null
[2020-11-26T18:16:20.828] [DEBUG] cheese - null
[2020-11-26T18:31:02.495] [DEBUG] cheese - login => username:admin,password:123456
[2020-11-26T18:31:02.496] [DEBUG] cheese - admin
[2020-11-26T18:31:02.500] [DEBUG] cheese - null
[2020-11-26T18:31:02.500] [DEBUG] cheese - null
[2020-11-26T18:32:33.998] [DEBUG] cheese - login => username:admin,password:123456
[2020-11-26T18:32:33.998] [DEBUG] cheese - admin
[2020-11-26T18:32:33.999] [DEBUG] cheese - null
[2020-11-26T18:32:33.999] [DEBUG] cheese - null
[2020-11-26T19:03:22.694] [DEBUG] cheese - login => username:admin,password:123456
[2020-11-26T19:03:22.694] [DEBUG] cheese - admin
[2020-11-26T19:03:22.697] [DEBUG] cheese - null
[2020-11-26T19:03:22.697] [DEBUG] cheese - null
[2020-11-26T19:04:18.357] [DEBUG] cheese - login => username:admin,password:123456
[2020-11-26T19:04:18.357] [DEBUG] cheese - admin
[2020-11-26T19:04:18.359] [DEBUG] cheese - null
[2020-11-26T19:04:18.359] [DEBUG] cheese - null
[2020-11-26T19:06:17.519] [DEBUG] cheese - login => username:admin,password:123456
[2020-11-26T19:06:17.519] [DEBUG] cheese - admin
[2020-11-26T19:06:17.520] [DEBUG] cheese - null
[2020-11-26T19:06:17.520] [DEBUG] cheese - null
[2020-11-26T19:06:23.986] [DEBUG] cheese - login => username:admin,password:123456
[2020-11-26T19:06:23.986] [DEBUG] cheese - admin
[2020-11-26T19:06:23.987] [DEBUG] cheese - null
[2020-11-26T19:06:23.987] [DEBUG] cheese - null
[2021-06-02T11:10:24.803] [DEBUG] cheese - login => username:zlh,password:123456
[2021-06-02T11:10:24.806] [DEBUG] cheese - zlh
[2021-06-02T11:10:24.818] [DEBUG] cheese - null
[2021-06-02T11:10:24.819] [DEBUG] cheese - null
[2021-06-02T11:11:11.626] [DEBUG] cheese - login => username:admin,password:123456
[2021-06-02T11:11:11.626] [DEBUG] cheese - admin
[2021-06-02T11:11:11.634] [DEBUG] cheese - null
[2021-06-02T11:11:11.634] [DEBUG] cheese - null
[2021-06-02T16:50:12.365] [DEBUG] cheese - login => username:zlh,password:123456
[2021-06-02T16:50:12.370] [DEBUG] cheese - zlh
[2021-06-02T16:50:12.405] [DEBUG] cheese - null
[2021-06-02T16:50:12.408] [DEBUG] cheese - null
[2021-06-02T16:50:47.384] [DEBUG] cheese - login => username:zlh,password:123456
[2021-06-02T16:50:47.385] [DEBUG] cheese - zlh
[2021-06-02T16:50:47.394] [DEBUG] cheese - null
[2021-06-02T16:50:47.395] [DEBUG] cheese - null
[2021-06-02T16:51:12.267] [DEBUG] cheese - login => username:zlh,password:123456
[2021-06-02T16:51:12.268] [DEBUG] cheese - zlh
[2021-06-02T16:51:12.269] [DEBUG] cheese - null
[2021-06-02T16:51:12.270] [DEBUG] cheese - null
[2021-06-02T16:53:58.749] [DEBUG] cheese - login => username:zlh,password:123456
[2021-06-02T16:53:58.750] [DEBUG] cheese - zlh
[2021-06-02T16:53:58.755] [DEBUG] cheese - null
[2021-06-02T16:53:58.755] [DEBUG] cheese - null
[2021-06-02T16:54:02.224] [DEBUG] cheese - login => username:admin,password:123456
[2021-06-02T16:54:02.224] [DEBUG] cheese - admin
[2021-06-02T16:54:02.244] [DEBUG] cheese - null
[2021-06-02T16:54:02.244] [DEBUG] cheese - null
[2021-06-02T17:12:15.190] [DEBUG] cheese - login => username:zlh,password:123456
[2021-06-02T17:12:15.190] [DEBUG] cheese - zlh
[2021-06-02T17:12:15.196] [DEBUG] cheese - null
[2021-06-02T17:12:15.197] [DEBUG] cheese - null
[2021-06-02T17:12:20.526] [DEBUG] cheese - login => username:admin,password:123456
[2021-06-02T17:12:20.526] [DEBUG] cheese - admin
[2021-06-02T17:12:20.534] [DEBUG] cheese - null
[2021-06-02T17:12:20.534] [DEBUG] cheese - null
[2021-06-02T17:23:51.517] [DEBUG] cheese - login => username:admin,password:123456
[2021-06-02T17:23:51.518] [DEBUG] cheese - admin
[2021-06-02T17:23:51.527] [DEBUG] cheese - null
[2021-06-02T17:23:51.528] [DEBUG] cheese - null
[2021-06-02T17:25:16.305] [DEBUG] cheese - login => username:admin,password:123456
[2021-06-02T17:25:16.306] [DEBUG] cheese - admin
[2021-06-02T17:25:16.309] [DEBUG] cheese - null
[2021-06-02T17:25:16.309] [DEBUG] cheese - null
[2021-06-02T17:25:19.053] [DEBUG] cheese - login => username:admin,password:123456
[2021-06-02T17:25:19.053] [DEBUG] cheese - admin
[2021-06-02T17:25:19.062] [DEBUG] cheese - null
[2021-06-02T17:25:19.062] [DEBUG] cheese - null
[2021-06-02T17:25:26.475] [DEBUG] cheese - login => username:admin,password:123456
[2021-06-02T17:25:26.475] [DEBUG] cheese - admin
[2021-06-02T17:25:26.479] [DEBUG] cheese - null
[2021-06-02T17:25:26.480] [DEBUG] cheese - null
[2021-06-02T17:25:58.365] [DEBUG] cheese - login => username:admin,password:123456
[2021-06-02T17:25:58.366] [DEBUG] cheese - admin
[2021-06-02T17:25:58.374] [DEBUG] cheese - null
[2021-06-02T17:25:58.374] [DEBUG] cheese - null
[2021-06-02T17:26:01.636] [DEBUG] cheese - login => username:admin,password:123456
[2021-06-02T17:26:01.636] [DEBUG] cheese - admin
[2021-06-02T17:26:01.647] [DEBUG] cheese - null
[2021-06-02T17:26:01.647] [DEBUG] cheese - null
[2021-06-02T17:26:19.776] [DEBUG] cheese - login => username:admin,password:123456
[2021-06-02T17:26:19.776] [DEBUG] cheese - admin
[2021-06-02T17:26:19.784] [DEBUG] cheese - null
[2021-06-02T17:26:19.784] [DEBUG] cheese - null
[2021-06-02T17:27:30.349] [DEBUG] cheese - login => username:admin,password:123456
[2021-06-02T17:27:30.350] [DEBUG] cheese - admin
[2021-06-02T17:27:30.359] [DEBUG] cheese - null
[2021-06-02T17:27:30.359] [DEBUG] cheese - null
[2021-06-02T17:30:00.373] [DEBUG] cheese - login => username:admin,password:123456
[2021-06-02T17:30:00.373] [DEBUG] cheese - admin
[2021-06-02T17:30:00.383] [DEBUG] cheese - null
[2021-06-02T17:30:00.384] [DEBUG] cheese - null
[2021-06-02T18:20:13.619] [DEBUG] cheese - login => username:admin,password:123456
[2021-06-02T18:20:13.621] [DEBUG] cheese - admin
[2021-06-02T18:20:13.632] [DEBUG] cheese - null
[2021-06-02T18:20:13.632] [DEBUG] cheese - null
[2021-06-02T18:20:25.460] [DEBUG] cheese - login => username:a1,password:123456
[2021-06-02T18:20:25.460] [DEBUG] cheese - a1
[2021-06-02T18:20:25.464] [DEBUG] cheese - null
[2021-06-02T18:20:25.464] [DEBUG] cheese - null
[2021-06-02T18:38:59.533] [DEBUG] cheese - login => username:admin,password:123456
[2021-06-02T18:38:59.533] [DEBUG] cheese - admin
[2021-06-02T18:38:59.541] [DEBUG] cheese - null
[2021-06-02T18:38:59.541] [DEBUG] cheese - null
[2021-06-02T18:39:11.898] [DEBUG] cheese - login => username:admin,password:12345
[2021-06-02T18:39:11.898] [DEBUG] cheese - admin
[2021-06-02T18:39:11.903] [DEBUG] cheese - null
[2021-06-02T18:39:11.903] [DEBUG] cheese - null
[2021-06-02T18:39:17.182] [DEBUG] cheese - login => username:admin,password:123456
[2021-06-02T18:39:17.182] [DEBUG] cheese - admin
[2021-06-02T18:39:17.184] [DEBUG] cheese - null
[2021-06-02T18:39:17.184] [DEBUG] cheese - null
[2021-06-02T18:44:35.961] [DEBUG] cheese - login => username:admin,password:123456
[2021-06-02T18:44:35.962] [DEBUG] cheese - admin
[2021-06-02T18:44:35.968] [DEBUG] cheese - null
[2021-06-02T18:44:35.968] [DEBUG] cheese - null
[2021-06-02T18:45:00.249] [DEBUG] cheese - login => username:admin,password:123456
[2021-06-02T18:45:00.249] [DEBUG] cheese - admin
[2021-06-02T18:45:00.256] [DEBUG] cheese - null
[2021-06-02T18:45:00.256] [DEBUG] cheese - null
[2021-06-02T18:59:10.606] [DEBUG] cheese - login => username:admin,password:123456
[2021-06-02T18:59:10.606] [DEBUG] cheese - admin
[2021-06-02T18:59:10.613] [DEBUG] cheese - null
[2021-06-02T18:59:10.614] [DEBUG] cheese - null
[2021-06-02T18:59:17.850] [DEBUG] cheese - login => username:admin,password:\1
[2021-06-02T18:59:17.850] [DEBUG] cheese - admin
[2021-06-02T18:59:17.858] [DEBUG] cheese - null
[2021-06-02T18:59:17.859] [DEBUG] cheese - null
[2021-06-02T18:59:24.869] [DEBUG] cheese - login => username:admin,password:123456
[2021-06-02T18:59:24.870] [DEBUG] cheese - admin
[2021-06-02T18:59:24.877] [DEBUG] cheese - null
[2021-06-02T18:59:24.877] [DEBUG] cheese - null
[2021-06-02T19:01:34.170] [DEBUG] cheese - login => username:admin,password:123456
[2021-06-02T19:01:34.171] [DEBUG] cheese - admin
[2021-06-02T19:01:34.177] [DEBUG] cheese - null
[2021-06-02T19:01:34.178] [DEBUG] cheese - null
[2021-06-02T19:30:16.480] [DEBUG] cheese - login => username:admin,password:123456
[2021-06-02T19:30:16.480] [DEBUG] cheese - admin
[2021-06-02T19:30:16.493] [DEBUG] cheese - null
[2021-06-02T19:30:16.494] [DEBUG] cheese - null
[2021-06-02T20:17:52.318] [DEBUG] cheese - login => username:admin,password:123456
[2021-06-02T20:17:52.321] [DEBUG] cheese - admin
[2021-06-02T20:17:52.350] [DEBUG] cheese - null
[2021-06-02T20:17:52.351] [DEBUG] cheese - null
[2021-06-02T20:25:43.448] [DEBUG] cheese - login => username:admin,password:123456
[2021-06-02T20:25:43.449] [DEBUG] cheese - admin
[2021-06-02T20:25:43.459] [DEBUG] cheese - null
[2021-06-02T20:25:43.460] [DEBUG] cheese - null
[2021-06-02T20:25:58.295] [DEBUG] cheese - login => username:admin,password:123456
[2021-06-02T20:25:58.296] [DEBUG] cheese - admin
[2021-06-02T20:25:58.303] [DEBUG] cheese - null
[2021-06-02T20:25:58.303] [DEBUG] cheese - null
[2021-06-02T21:19:12.216] [DEBUG] cheese - login => username:admin,password:123456
[2021-06-02T21:19:12.217] [DEBUG] cheese - admin
[2021-06-02T21:19:12.228] [DEBUG] cheese - null
[2021-06-02T21:19:12.229] [DEBUG] cheese - null
[2021-06-02T21:21:07.670] [DEBUG] cheese - login => username:admin,password:123456
[2021-06-02T21:21:07.671] [DEBUG] cheese - admin
[2021-06-02T21:21:07.691] [DEBUG] cheese - null
[2021-06-02T21:21:07.691] [DEBUG] cheese - null
[2021-06-03T08:27:59.075] [DEBUG] cheese - login => username:admin,password:123456
[2021-06-03T08:27:59.077] [DEBUG] cheese - admin
[2021-06-03T08:27:59.092] [DEBUG] cheese - null
[2021-06-03T08:27:59.093] [DEBUG] cheese - null
[2021-06-03T08:28:03.732] [DEBUG] cheese - login => username:admin,password:123456
[2021-06-03T08:28:03.733] [DEBUG] cheese - admin
[2021-06-03T08:28:03.743] [DEBUG] cheese - null
[2021-06-03T08:28:03.744] [DEBUG] cheese - null
[2021-06-03T08:47:40.202] [DEBUG] cheese - login => username:admin,password:123456
[2021-06-03T08:47:40.205] [DEBUG] cheese - admin
[2021-06-03T08:47:40.215] [DEBUG] cheese - null
[2021-06-03T08:47:40.215] [DEBUG] cheese - null
[2021-06-03T08:51:16.394] [DEBUG] cheese - login => username:admin,password:123456
[2021-06-03T08:51:16.394] [DEBUG] cheese - admin
[2021-06-03T08:51:16.401] [DEBUG] cheese - null
[2021-06-03T08:51:16.402] [DEBUG] cheese - null
[2021-06-03T08:51:19.150] [DEBUG] cheese - login => username:admin,password:123456
[2021-06-03T08:51:19.150] [DEBUG] cheese - admin
[2021-06-03T08:51:19.153] [DEBUG] cheese - null
[2021-06-03T08:51:19.153] [DEBUG] cheese - null
[2021-06-03T08:54:15.365] [DEBUG] cheese - login => username:admin,password:123456
[2021-06-03T08:54:15.366] [DEBUG] cheese - admin
[2021-06-03T08:54:15.372] [DEBUG] cheese - null
[2021-06-03T08:54:15.372] [DEBUG] cheese - null
[2021-06-03T12:37:10.439] [DEBUG] cheese - login => username:admin,password:123456
[2021-06-03T12:37:10.444] [DEBUG] cheese - admin
[2021-06-03T12:37:10.485] [DEBUG] cheese - null
[2021-06-03T12:37:10.486] [DEBUG] cheese - null
[2021-06-03T12:46:00.678] [DEBUG] cheese - login => username:admin,password:123456
[2021-06-03T12:46:00.678] [DEBUG] cheese - admin
[2021-06-03T12:46:00.687] [DEBUG] cheese - null
[2021-06-03T12:46:00.688] [DEBUG] cheese - null
[2021-06-03T12:46:40.190] [DEBUG] cheese - login => username:admin,password:123456
[2021-06-03T12:46:40.191] [DEBUG] cheese - admin
[2021-06-03T12:46:40.200] [DEBUG] cheese - null
[2021-06-03T12:46:40.200] [DEBUG] cheese - null
[2021-06-03T12:47:39.085] [DEBUG] cheese - login => username:admin,password:123456
[2021-06-03T12:47:39.086] [DEBUG] cheese - admin
[2021-06-03T12:47:39.095] [DEBUG] cheese - null
[2021-06-03T12:47:39.096] [DEBUG] cheese - null
[2021-06-03T13:32:27.360] [DEBUG] cheese - login => username:admin,password:123456
[2021-06-03T13:32:27.360] [DEBUG] cheese - admin
[2021-06-03T13:32:27.363] [DEBUG] cheese - null
[2021-06-03T13:32:27.364] [DEBUG] cheese - null
[2021-06-03T15:47:26.215] [DEBUG] cheese - login => username:admin,password:123456
[2021-06-03T15:47:26.215] [DEBUG] cheese - admin
[2021-06-03T15:47:26.217] [DEBUG] cheese - login => username:admin,password:123456
[2021-06-03T15:47:26.217] [DEBUG] cheese - admin
[2021-06-03T15:47:26.219] [DEBUG] cheese - login => username:admin,password:123456
[2021-06-03T15:47:26.219] [DEBUG] cheese - admin
[2021-06-03T15:47:26.224] [DEBUG] cheese - null
[2021-06-03T15:47:26.224] [DEBUG] cheese - null
[2021-06-03T15:47:26.316] [DEBUG] cheese - null
[2021-06-03T15:47:26.316] [DEBUG] cheese - null
[2021-06-03T15:47:26.422] [DEBUG] cheese - null
[2021-06-03T15:47:26.422] [DEBUG] cheese - null
[2021-06-03T15:47:41.903] [DEBUG] cheese - login => username:admin,password:123456
[2021-06-03T15:47:41.903] [DEBUG] cheese - admin
[2021-06-03T15:47:41.909] [DEBUG] cheese - null
[2021-06-03T15:47:41.909] [DEBUG] cheese - null
[2021-06-03T17:31:55.200] [DEBUG] cheese - login => username:admin,password:123456
[2021-06-03T17:31:55.204] [DEBUG] cheese - admin
[2021-06-03T17:31:55.219] [DEBUG] cheese - null
[2021-06-03T17:31:55.219] [DEBUG] cheese - null
[2021-06-03T21:14:22.458] [DEBUG] cheese - login => username:admin,password:123456
[2021-06-03T21:14:22.460] [DEBUG] cheese - admin
[2021-06-03T21:14:22.468] [DEBUG] cheese - null
[2021-06-03T21:14:22.469] [DEBUG] cheese - null
[2021-06-03T22:08:22.034] [DEBUG] cheese - login => username:admin,password:123456
[2021-06-03T22:08:22.036] [DEBUG] cheese - admin
[2021-06-03T22:08:22.053] [DEBUG] cheese - null
[2021-06-03T22:08:22.054] [DEBUG] cheese - null
[2021-06-03T22:36:44.653] [DEBUG] cheese - login => username:admin,password:123456
[2021-06-03T22:36:44.653] [DEBUG] cheese - admin
[2021-06-03T22:36:44.656] [DEBUG] cheese - null
[2021-06-03T22:36:44.656] [DEBUG] cheese - null
[2021-06-03T22:38:51.230] [DEBUG] cheese - login => username:admin,password:123456
[2021-06-03T22:38:51.231] [DEBUG] cheese - admin
[2021-06-03T22:38:58.090] [DEBUG] cheese - login => username:admin,password:123456
[2021-06-03T22:38:58.090] [DEBUG] cheese - admin
[2021-06-03T22:38:58.092] [DEBUG] cheese - login => username:admin,password:123456
[2021-06-03T22:38:58.092] [DEBUG] cheese - admin
[2021-06-03T22:38:58.095] [DEBUG] cheese - null
[2021-06-03T22:38:58.095] [DEBUG] cheese - null
[2021-06-03T22:38:58.213] [DEBUG] cheese - null
[2021-06-03T22:38:58.213] [DEBUG] cheese - null
[2021-06-03T22:38:58.333] [DEBUG] cheese - null
[2021-06-03T22:38:58.333] [DEBUG] cheese - null
